INFO:     Will watch for changes in these directories: ['C:\\Users\\Coditas-Admin\\Documents\\FastApi\\demo-taskmanager']
INFO:     Uvicorn running on http://127.0.0.1:8000 (Press CTRL+C to quit)
INFO:     Started reloader process [26176] using StatReload
INFO:     Started server process [25760]
INFO:     Waiting for application startup.
INFO:     Application startup complete.
WARNING:  StatReload detected changes in 'main.py'. Reloading...
INFO:     Shutting down
INFO:     Waiting for application shutdown.
INFO:     Application shutdown complete.
INFO:     Finished server process [25760]
INFO:     Started server process [41180]
INFO:     Waiting for application startup.
INFO:     Application startup complete.
WARNING:  StatReload detected changes in 'main.py'. Reloading...
INFO:     Shutting down
INFO:     Waiting for application shutdown.
INFO:     Application shutdown complete.
INFO:     Finished server process [41180]
INFO:     Started server process [42228]
INFO:     Waiting for application startup.
INFO:     Application startup complete.
